<?xml version="1.0" encoding="UTF-8"?>
<testsuite xmlns:xsi="http://www.w3.org/2001/XMLSchema-instance" xsi:noNamespaceSchemaLocation="https://maven.apache.org/surefire/maven-surefire-plugin/xsd/surefire-test-report.xsd" name="TestSuite" time="454.298" tests="19" errors="0" skipped="8" failures="2">
  <properties>
[...]
</properties>
  <testcase name="HomePageTitleTest" classname="com.qa.tests.HomePageTest" time="5.019"/>
  <testcase name="verifyUsername" classname="com.qa.tests.HomePageTest" time="5.255"/>
  <testcase name="verifyShopDeals" classname="com.qa.tests.HomePageTest" time="0.222"/>
  <testcase name="verifyRegistryPage" classname="com.qa.tests.HomePageTest" time="0.296"/>
  <testcase name="verifyDropdownList" classname="com.qa.tests.HomePageTest" time="0.064"/>
  <testcase name="createnewregistry" classname="com.qa.tests.RegistryPageTest" time="15.25">
    <failure message="Unable to locate element: (//button[@class = &apos;wt-btn wt-btn--secondary wt-btn--small wt-width-full&apos;])[3]&#10;For documentation on this error, please visit: https://www.seleniumhq.org/exceptions/no_such_element.html&#10;Build info: version: &apos;3.141.59&apos;, revision: &apos;e82be7d358&apos;, time: &apos;2018-11-14T08:17:03&apos;&#10;System info: host: &apos;DESKTOP-IJOKCR5&apos;, ip: &apos;10.0.0.72&apos;, os.name: &apos;Windows 11&apos;, os.arch: &apos;amd64&apos;, os.version: &apos;10.0&apos;, java.version: &apos;17.0.10&apos;&#10;Driver info: org.openqa.selenium.firefox.FirefoxDriver&#10;Capabilities {acceptInsecureCerts: true, browserName: firefox, browserVersion: 123.0.1, javascriptEnabled: true, moz:accessibilityChecks: false, moz:buildID: 20240304104836, moz:geckodriverVersion: 0.33.0, moz:headless: false, moz:platformVersion: 10.0, moz:processID: 10644, moz:profile: C:\Users\puran\AppData\Loca..., moz:shutdownTimeout: 60000, moz:webdriverClick: true, moz:windowless: false, pageLoadStrategy: normal, platform: WINDOWS, platformName: WINDOWS, proxy: Proxy(), setWindowRect: true, strictFileInteractability: false, timeouts: {implicit: 0, pageLoad: 300000, script: 30000}, unhandledPromptBehavior: dismiss and notify}&#10;Session ID: 9aa37dac-b25a-47c6-83b2-7c63460aba05&#10;*** Element info: {Using=xpath, value=(//button[@class = &apos;wt-btn wt-btn--secondary wt-btn--small wt-width-full&apos;])[3]}" type="org.openqa.selenium.NoSuchElementException">org.openqa.selenium.NoSuchElementException: 
Unable to locate element: (//button[@class = 'wt-btn wt-btn--secondary wt-btn--small wt-width-full'])[3]
For documentation on this error, please visit: https://www.seleniumhq.org/exceptions/no_such_element.html
Build info: version: '3.141.59', revision: 'e82be7d358', time: '2018-11-14T08:17:03'
System info: host: 'DESKTOP-IJOKCR5', ip: '10.0.0.72', os.name: 'Windows 11', os.arch: 'amd64', os.version: '10.0', java.version: '17.0.10'
Driver info: org.openqa.selenium.firefox.FirefoxDriver
Capabilities {acceptInsecureCerts: true, browserName: firefox, browserVersion: 123.0.1, javascriptEnabled: true, moz:accessibilityChecks: false, moz:buildID: 20240304104836, moz:geckodriverVersion: 0.33.0, moz:headless: false, moz:platformVersion: 10.0, moz:processID: 10644, moz:profile: C:\Users\puran\AppData\Loca..., moz:shutdownTimeout: 60000, moz:webdriverClick: true, moz:windowless: false, pageLoadStrategy: normal, platform: WINDOWS, platformName: WINDOWS, proxy: Proxy(), setWindowRect: true, strictFileInteractability: false, timeouts: {implicit: 0, pageLoad: 300000, script: 30000}, unhandledPromptBehavior: dismiss and notify}
Session ID: 9aa37dac-b25a-47c6-83b2-7c63460aba05
*** Element info: {Using=xpath, value=(//button[@class = 'wt-btn wt-btn--secondary wt-btn--small wt-width-full'])[3]}
	at com.qa.tests.RegistryPageTest.createnewregistry(RegistryPageTest.java:43)
</failure>
    <system-out><![CDATA[Before navigating to: 'https://www.etsy.com/'
Navigated to:'https://www.etsy.com/'
Trying to find Element By : By.xpath: //button[contains(text(),'Sign in')]
Found Element By : By.xpath: //button[contains(text(),'Sign in')]
Trying to click on: [[FirefoxDriver: firefox on WINDOWS (9aa37dac-b25a-47c6-83b2-7c63460aba05)] -> xpath: //button[contains(text(),'Sign in')]]
Clicked on: [[FirefoxDriver: firefox on WINDOWS (9aa37dac-b25a-47c6-83b2-7c63460aba05)] -> xpath: //button[contains(text(),'Sign in')]]
Trying to find Element By : By.name: email
Found Element By : By.name: email
Trying to find Element By : By.name: password
Found Element By : By.name: password
Trying to find Element By : By.name: submit_attempt
Found Element By : By.name: submit_attempt
Trying to click on: [[FirefoxDriver: firefox on WINDOWS (9aa37dac-b25a-47c6-83b2-7c63460aba05)] -> name: submit_attempt]
Clicked on: [[FirefoxDriver: firefox on WINDOWS (9aa37dac-b25a-47c6-83b2-7c63460aba05)] -> name: submit_attempt]
Trying to find Element By : By.linkText: Registry
Found Element By : By.linkText: Registry
Trying to find Element By : By.xpath: (//button[@class = 'wt-btn wt-btn--secondary wt-btn--small wt-width-full'])[3]
Exception occured: org.openqa.selenium.NoSuchElementException: Unable to locate element: (//button[@class = 'wt-btn wt-btn--secondary wt-btn--small wt-width-full'])[3]
For documentation on this error, please visit: https://www.seleniumhq.org/exceptions/no_such_element.html
Build info: version: '3.141.59', revision: 'e82be7d358', time: '2018-11-14T08:17:03'
System info: host: 'DESKTOP-IJOKCR5', ip: '10.0.0.72', os.name: 'Windows 11', os.arch: 'amd64', os.version: '10.0', java.version: '17.0.10'
Driver info: org.openqa.selenium.firefox.FirefoxDriver
Capabilities {acceptInsecureCerts: true, browserName: firefox, browserVersion: 123.0.1, javascriptEnabled: true, moz:accessibilityChecks: false, moz:buildID: 20240304104836, moz:geckodriverVersion: 0.33.0, moz:headless: false, moz:platformVersion: 10.0, moz:processID: 10644, moz:profile: C:\Users\puran\AppData\Loca..., moz:shutdownTimeout: 60000, moz:webdriverClick: true, moz:windowless: false, pageLoadStrategy: normal, platform: WINDOWS, platformName: WINDOWS, proxy: Proxy(), setWindowRect: true, strictFileInteractability: false, timeouts: {implicit: 0, pageLoad: 300000, script: 30000}, unhandledPromptBehavior: dismiss and notify}
Session ID: 9aa37dac-b25a-47c6-83b2-7c63460aba05
*** Element info: {Using=xpath, value=(//button[@class = 'wt-btn wt-btn--secondary wt-btn--small wt-width-full'])[3]}
]]></system-out>
    <system-err><![CDATA[1710106541348	Marionette	INFO	Stopped listening on port 50755
JavaScript warning: https://connect.facebook.net/en_GB/sdk.js?hash=fb5bdcc7e35cafbe251b738b7df546ab, line 22: Script terminated by timeout at:
bindContext@https://connect.facebook.net/en_GB/sdk.js?hash=fb5bdcc7e35cafbe251b738b7df546ab:22:222
@https://connect.facebook.net/en_GB/sdk.js?hash=fb5bdcc7e35cafbe251b738b7df546ab:22:507
@https://connect.facebook.net/en_GB/sdk.js?hash=fb5bdcc7e35cafbe251b738b7df546ab:229:122

Dynamically enable window occlusion 1
1710106542912	geckodriver	INFO	Listening on 127.0.0.1:44249
1710106542943	mozrunner::runner	INFO	Running command: "C:\\Program Files\\Mozilla Firefox\\firefox.exe" "--marionette" "-no-remote" "-profile" "C:\\Users\\puran\\AppData\\Local\\Temp\\rust_mozprofile8d3NPI"
console.warn: services.settings: Ignoring preference override of remote settings server
console.warn: services.settings: Allow by setting MOZ_REMOTE_SETTINGS_DEVTOOLS=1 in the environment
1710106543327	Marionette	INFO	Marionette enabled
Dynamically enable window occlusion 0
1710106543617	Marionette	INFO	Listening on port 50864
Read port: 50864
1710106543788	RemoteAgent	WARN	TLS certificate errors will be ignored for this session
Mar. 10, 2024 5:35:44 P.M. org.openqa.selenium.remote.ProtocolHandshake createSession
INFO: Detected dialect: W3C
JavaScript warning: https://www.etsy.com/ac/evergreenVendor/js/en-GB/app-shell/globals/index.4c62678401eff02300bf.js, line 2: WEBGL_debug_renderer_info is deprecated in Firefox and will be removed. Please use RENDERER.
JavaScript warning: https://cdn.granify.com/assets/javascript.js?id=uPFzZ, line 4: WEBGL_debug_renderer_info is deprecated in Firefox and will be removed. Please use RENDERER.
console.warn: LoginRecipes: "Falling back to a synchronous message for: https://www.etsy.com."
console.warn: LoginRecipes: "Falling back to a synchronous message for: https://www.etsy.com."
JavaScript warning: https://www.etsy.com/ac/evergreenVendor/js/en-GB/app-shell/globals/index.4c62678401eff02300bf.js, line 2: WEBGL_debug_renderer_info is deprecated in Firefox and will be removed. Please use RENDERER.
1710106575109	addons.xpi	ERROR	System addon update list error SyntaxError: XMLHttpRequest.open: 'http://%(server)s/dummy-system-addons.xml' is not a valid URL.
JavaScript warning: https://www.etsy.com/ac/evergreenVendor/js/en-GB/app-shell/globals/index.4c62678401eff02300bf.js, line 2: WEBGL_debug_renderer_info is deprecated in Firefox and will be removed. Please use RENDERER.
]]></system-err>
  </testcase>
  <testcase name="veriftregistrycreated" classname="com.qa.tests.RegistryPageTest" time="5.961"/>
  <testcase name="setUp" classname="com.qa.tests.ShopDealsPageTest" time="36.397">
    <failure message="Unable to locate element: *[name=&apos;email&apos;]&#10;For documentation on this error, please visit: https://www.seleniumhq.org/exceptions/no_such_element.html&#10;Build info: version: &apos;3.141.59&apos;, revision: &apos;e82be7d358&apos;, time: &apos;2018-11-14T08:17:03&apos;&#10;System info: host: &apos;DESKTOP-IJOKCR5&apos;, ip: &apos;10.0.0.72&apos;, os.name: &apos;Windows 11&apos;, os.arch: &apos;amd64&apos;, os.version: &apos;10.0&apos;, java.version: &apos;17.0.10&apos;&#10;Driver info: org.openqa.selenium.firefox.FirefoxDriver&#10;Capabilities {acceptInsecureCerts: true, browserName: firefox, browserVersion: 123.0.1, javascriptEnabled: true, moz:accessibilityChecks: false, moz:buildID: 20240304104836, moz:geckodriverVersion: 0.33.0, moz:headless: false, moz:platformVersion: 10.0, moz:processID: 12400, moz:profile: C:\Users\puran\AppData\Loca..., moz:shutdownTimeout: 60000, moz:webdriverClick: true, moz:windowless: false, pageLoadStrategy: normal, platform: WINDOWS, platformName: WINDOWS, proxy: Proxy(), setWindowRect: true, strictFileInteractability: false, timeouts: {implicit: 0, pageLoad: 300000, script: 30000}, unhandledPromptBehavior: dismiss and notify}&#10;Session ID: 3c5713e0-2bb2-4a39-acdc-ade83a0b0c4b&#10;*** Element info: {Using=name, value=email}" type="org.openqa.selenium.NoSuchElementException">org.openqa.selenium.NoSuchElementException: 
Unable to locate element: *[name='email']
For documentation on this error, please visit: https://www.seleniumhq.org/exceptions/no_such_element.html
Build info: version: '3.141.59', revision: 'e82be7d358', time: '2018-11-14T08:17:03'
System info: host: 'DESKTOP-IJOKCR5', ip: '10.0.0.72', os.name: 'Windows 11', os.arch: 'amd64', os.version: '10.0', java.version: '17.0.10'
Driver info: org.openqa.selenium.firefox.FirefoxDriver
Capabilities {acceptInsecureCerts: true, browserName: firefox, browserVersion: 123.0.1, javascriptEnabled: true, moz:accessibilityChecks: false, moz:buildID: 20240304104836, moz:geckodriverVersion: 0.33.0, moz:headless: false, moz:platformVersion: 10.0, moz:processID: 12400, moz:profile: C:\Users\puran\AppData\Loca..., moz:shutdownTimeout: 60000, moz:webdriverClick: true, moz:windowless: false, pageLoadStrategy: normal, platform: WINDOWS, platformName: WINDOWS, proxy: Proxy(), setWindowRect: true, strictFileInteractability: false, timeouts: {implicit: 0, pageLoad: 300000, script: 30000}, unhandledPromptBehavior: dismiss and notify}
Session ID: 3c5713e0-2bb2-4a39-acdc-ade83a0b0c4b
*** Element info: {Using=name, value=email}
	at com.qa.tests.ShopDealsPageTest.setUp(ShopDealsPageTest.java:61)
</failure>
    <system-out><![CDATA[Before navigating to: 'https://www.etsy.com/'
Navigated to:'https://www.etsy.com/'
Trying to find Element By : By.xpath: //button[contains(text(),'Sign in')]
Found Element By : By.xpath: //button[contains(text(),'Sign in')]
Trying to click on: [[FirefoxDriver: firefox on WINDOWS (3c5713e0-2bb2-4a39-acdc-ade83a0b0c4b)] -> xpath: //button[contains(text(),'Sign in')]]
Clicked on: [[FirefoxDriver: firefox on WINDOWS (3c5713e0-2bb2-4a39-acdc-ade83a0b0c4b)] -> xpath: //button[contains(text(),'Sign in')]]
Trying to find Element By : By.name: email
Exception occured: org.openqa.selenium.NoSuchElementException: Unable to locate element: *[name='email']
For documentation on this error, please visit: https://www.seleniumhq.org/exceptions/no_such_element.html
Build info: version: '3.141.59', revision: 'e82be7d358', time: '2018-11-14T08:17:03'
System info: host: 'DESKTOP-IJOKCR5', ip: '10.0.0.72', os.name: 'Windows 11', os.arch: 'amd64', os.version: '10.0', java.version: '17.0.10'
Driver info: org.openqa.selenium.firefox.FirefoxDriver
Capabilities {acceptInsecureCerts: true, browserName: firefox, browserVersion: 123.0.1, javascriptEnabled: true, moz:accessibilityChecks: false, moz:buildID: 20240304104836, moz:geckodriverVersion: 0.33.0, moz:headless: false, moz:platformVersion: 10.0, moz:processID: 12400, moz:profile: C:\Users\puran\AppData\Loca..., moz:shutdownTimeout: 60000, moz:webdriverClick: true, moz:windowless: false, pageLoadStrategy: normal, platform: WINDOWS, platformName: WINDOWS, proxy: Proxy(), setWindowRect: true, strictFileInteractability: false, timeouts: {implicit: 0, pageLoad: 300000, script: 30000}, unhandledPromptBehavior: dismiss and notify}
Session ID: 3c5713e0-2bb2-4a39-acdc-ade83a0b0c4b
*** Element info: {Using=name, value=email}
]]></system-out>
    <system-err><![CDATA[1710106834570	Marionette	INFO	Stopped listening on port 51036
JavaScript warning: https://www.googletagmanager.com/gtag/js?id=G-KR3J610VYM&l=dataLayer&cx=c, line 438: Script terminated by timeout at:
Gv/<@https://www.googletagmanager.com/gtag/js?id=G-KR3J610VYM&l=dataLayer&cx=c:438:95
Hx/<@https://www.googletagmanager.com/gtag/js?id=G-KR3J610VYM&l=dataLayer&cx=c:459:55
Cw@https://www.googletagmanager.com/gtag/js?id=G-KR3J610VYM&l=dataLayer&cx=c:448:342
Bw@https://www.googletagmanager.com/gtag/js?id=G-KR3J610VYM&l=dataLayer&cx=c:446:693
Cx@https://www.googletagmanager.com/gtag/js?id=G-KR3J610VYM&l=dataLayer&cx=c:452:449
Lx@https://www.googletagmanager.com/gtag/js?id=G-KR3J610VYM&l=dataLayer&cx=c:457:195
Ky@https://www.googletagmanager.com/gtag/js?id=G-KR3J610VYM&l=dataLayer&cx=c:474:272
Ny@https://www.googletagmanager.com/gtag/js?id=G-KR3J610VYM&l=dataLayer&cx=c:479:57
Py@https://www.googletagmanager.com/gtag/js?id=G-KR3J610VYM&l=dataLayer&cx=c:480:43
@https://www.googletagmanager.com/gtag/js?id=G-KR3J610VYM&l=dataLayer&cx=c:670:295
@https://www.googletagmanager.com/gtag/js?id=G-KR3J610VYM&l=dataLayer&cx=c:665:292
@https://www.googletagmanager.com/gtag/js?id=G-KR3J610VYM&l=dataLayer&cx=c:665:298
@https://www.googletagmanager.com/gtag/js?id=G-KR3J610VYM&l=dataLayer&cx=c:673:3

Dynamically enable window occlusion 1
1710106835517	geckodriver	INFO	Listening on 127.0.0.1:30323
1710106835555	mozrunner::runner	INFO	Running command: "C:\\Program Files\\Mozilla Firefox\\firefox.exe" "--marionette" "-no-remote" "-profile" "C:\\Users\\puran\\AppData\\Local\\Temp\\rust_mozprofile0Vc5Km"
console.warn: services.settings: Ignoring preference override of remote settings server
console.warn: services.settings: Allow by setting MOZ_REMOTE_SETTINGS_DEVTOOLS=1 in the environment
1710106836008	Marionette	INFO	Marionette enabled
Dynamically enable window occlusion 0
1710106836314	Marionette	INFO	Listening on port 51206
Read port: 51206
1710106836496	RemoteAgent	WARN	TLS certificate errors will be ignored for this session
Mar. 10, 2024 5:40:37 P.M. org.openqa.selenium.remote.ProtocolHandshake createSession
INFO: Detected dialect: W3C
JavaScript warning: https://www.etsy.com/ac/evergreenVendor/js/en-GB/app-shell/globals/index.4c62678401eff02300bf.js, line 2: WEBGL_debug_renderer_info is deprecated in Firefox and will be removed. Please use RENDERER.
JavaScript warning: https://cdn.granify.com/assets/javascript.js?id=uPFzZ, line 4: WEBGL_debug_renderer_info is deprecated in Firefox and will be removed. Please use RENDERER.
]]></system-err>
  </testcase>
  <testcase name="setUp" classname="com.qa.tests.ShopDealsPageTest" time="0">
    <skipped/>
  </testcase>
  <testcase name="setUp" classname="com.qa.tests.ShopDealsPageTest" time="0">
    <skipped/>
  </testcase>
  <testcase name="ShopDealsPageTitleTest" classname="com.qa.tests.ShopDealsPageTest" time="0">
    <skipped message="Unable to locate element: *[name=&apos;email&apos;]&#10;For documentation on this error, please visit: https://www.seleniumhq.org/exceptions/no_such_element.html&#10;Build info: version: &apos;3.141.59&apos;, revision: &apos;e82be7d358&apos;, time: &apos;2018-11-14T08:17:03&apos;&#10;System info: host: &apos;DESKTOP-IJOKCR5&apos;, ip: &apos;10.0.0.72&apos;, os.name: &apos;Windows 11&apos;, os.arch: &apos;amd64&apos;, os.version: &apos;10.0&apos;, java.version: &apos;17.0.10&apos;&#10;Driver info: org.openqa.selenium.firefox.FirefoxDriver&#10;Capabilities {acceptInsecureCerts: true, browserName: firefox, browserVersion: 123.0.1, javascriptEnabled: true, moz:accessibilityChecks: false, moz:buildID: 20240304104836, moz:geckodriverVersion: 0.33.0, moz:headless: false, moz:platformVersion: 10.0, moz:processID: 12400, moz:profile: C:\Users\puran\AppData\Loca..., moz:shutdownTimeout: 60000, moz:webdriverClick: true, moz:windowless: false, pageLoadStrategy: normal, platform: WINDOWS, platformName: WINDOWS, proxy: Proxy(), setWindowRect: true, strictFileInteractability: false, timeouts: {implicit: 0, pageLoad: 300000, script: 30000}, unhandledPromptBehavior: dismiss and notify}&#10;Session ID: 3c5713e0-2bb2-4a39-acdc-ade83a0b0c4b&#10;*** Element info: {Using=name, value=email}"/>
  </testcase>
  <testcase name="closeBrowser" classname="com.qa.tests.ShopDealsPageTest" time="0">
    <skipped/>
  </testcase>
  <testcase name="closeBrowser" classname="com.qa.tests.ShopDealsPageTest" time="0">
    <skipped/>
  </testcase>
  <testcase name="closeBrowser" classname="com.qa.tests.ShopDealsPageTest" time="0">
    <skipped/>
  </testcase>
  <testcase name="verifyShopDealsPage" classname="com.qa.tests.ShopDealsPageTest" time="0">
    <skipped message="Unable to locate element: *[name=&apos;email&apos;]&#10;For documentation on this error, please visit: https://www.seleniumhq.org/exceptions/no_such_element.html&#10;Build info: version: &apos;3.141.59&apos;, revision: &apos;e82be7d358&apos;, time: &apos;2018-11-14T08:17:03&apos;&#10;System info: host: &apos;DESKTOP-IJOKCR5&apos;, ip: &apos;10.0.0.72&apos;, os.name: &apos;Windows 11&apos;, os.arch: &apos;amd64&apos;, os.version: &apos;10.0&apos;, java.version: &apos;17.0.10&apos;&#10;Driver info: org.openqa.selenium.firefox.FirefoxDriver&#10;Capabilities {acceptInsecureCerts: true, browserName: firefox, browserVersion: 123.0.1, javascriptEnabled: true, moz:accessibilityChecks: false, moz:buildID: 20240304104836, moz:geckodriverVersion: 0.33.0, moz:headless: false, moz:platformVersion: 10.0, moz:processID: 12400, moz:profile: C:\Users\puran\AppData\Loca..., moz:shutdownTimeout: 60000, moz:webdriverClick: true, moz:windowless: false, pageLoadStrategy: normal, platform: WINDOWS, platformName: WINDOWS, proxy: Proxy(), setWindowRect: true, strictFileInteractability: false, timeouts: {implicit: 0, pageLoad: 300000, script: 30000}, unhandledPromptBehavior: dismiss and notify}&#10;Session ID: 3c5713e0-2bb2-4a39-acdc-ade83a0b0c4b&#10;*** Element info: {Using=name, value=email}"/>
  </testcase>
  <testcase name="VerifySearchList" classname="com.qa.tests.ShopDealsPageTest" time="0">
    <skipped message="Unable to locate element: *[name=&apos;email&apos;]&#10;For documentation on this error, please visit: https://www.seleniumhq.org/exceptions/no_such_element.html&#10;Build info: version: &apos;3.141.59&apos;, revision: &apos;e82be7d358&apos;, time: &apos;2018-11-14T08:17:03&apos;&#10;System info: host: &apos;DESKTOP-IJOKCR5&apos;, ip: &apos;10.0.0.72&apos;, os.name: &apos;Windows 11&apos;, os.arch: &apos;amd64&apos;, os.version: &apos;10.0&apos;, java.version: &apos;17.0.10&apos;&#10;Driver info: org.openqa.selenium.firefox.FirefoxDriver&#10;Capabilities {acceptInsecureCerts: true, browserName: firefox, browserVersion: 123.0.1, javascriptEnabled: true, moz:accessibilityChecks: false, moz:buildID: 20240304104836, moz:geckodriverVersion: 0.33.0, moz:headless: false, moz:platformVersion: 10.0, moz:processID: 12400, moz:profile: C:\Users\puran\AppData\Loca..., moz:shutdownTimeout: 60000, moz:webdriverClick: true, moz:windowless: false, pageLoadStrategy: normal, platform: WINDOWS, platformName: WINDOWS, proxy: Proxy(), setWindowRect: true, strictFileInteractability: false, timeouts: {implicit: 0, pageLoad: 300000, script: 30000}, unhandledPromptBehavior: dismiss and notify}&#10;Session ID: 3c5713e0-2bb2-4a39-acdc-ade83a0b0c4b&#10;*** Element info: {Using=name, value=email}"/>
  </testcase>
  <testcase name="SignInPageTitleTest" classname="com.qa.tests.SignInTest" time="5.025"/>
  <testcase name="validateLogo" classname="com.qa.tests.SignInTest" time="8.134"/>
  <testcase name="SignIn" classname="com.qa.tests.SignInTest" time="10.731"/>
</testsuite>